<?xml version="1.0" encoding="UTF-8" ?>
<testsuite errors="0" failures="0" hostname="foo-foo" name="com.nerderg.rules.RulesEngineTests" tests="5" time="1.865" timestamp="2011-10-20T04:56:19">
  <properties>
[...]
</properties>
  <testcase classname="com.nerderg.rules.RulesEngineTests" name="testProcessRulesScript" time="0.754" />
  <testcase classname="com.nerderg.rules.RulesEngineTests" name="testRunRules" time="0.103" />
  <testcase classname="com.nerderg.rules.RulesEngineTests" name="testRunRulesAbortOnFail" time="0.07" />
  <testcase classname="com.nerderg.rules.RulesEngineTests" name="testTestRulesDsl" time="0.177" />
  <testcase classname="com.nerderg.rules.RulesEngineTests" name="testBenchmarkRunRules" time="0.708" />
  <system-out><![CDATA[Runing ruleset Means Test
- nett income
- nett income2
- nett income3
Runing ruleset milkshake
- singer is Kelis
Runing ruleset milkshake
- singer is Kelis
Runing ruleset milkshake
- singer is Kelis
Runing ruleset Means Test
- nett income
- nett income2
- nett income3
Rules run in 5ms
Runing ruleset Means Test
- nett income
- nett income2
- nett income3
Rules run in 2ms
Runing ruleset Means Test
Fact income not found.
Rules run in 1ms
[expenses:900, error:Fact income not found.]
Runing ruleset Means Test
Fact income not found. Fact expenses not found.
Rules run in 5ms
[error:Fact income not found. Fact expenses not found.]
Runing ruleset Means Test
- nett income
- nett income2
- nett income3
-- failing: nett income3 result false + fail on error set
Runing ruleset Means Test
- nett income
-- failing: nett income result false + fail on error set
Runing ruleset Means Test
- nett income
Runing ruleset Means Test
- nett income
Runing ruleset test
- quantity within range
Runing ruleset Means Test
- nett income
- nett income2
- nett income3
Runing ruleset Means Test
- nett income
- nett income2
- nett income3
Runing ruleset Means Test
- nett income
- nett income2
- nett income3
Runing ruleset Means Test
- nett income
- nett income2
- nett income3
Runing ruleset Means Test
- nett income
- nett income2
- nett income3
Runing ruleset Means Test
- nett income
- nett income2
- nett income3
Runing ruleset Means Test
- nett income
- nett income2
- nett income3
Runing ruleset Means Test
- nett income
- nett income2
- nett income3
Runing ruleset Means Test
- nett income
- nett income2
- nett income3
Runing ruleset Means Test
- nett income
- nett income2
- nett income3
Runing ruleset Means Test
- nett income
- nett income2
- nett income3
Runing ruleset Means Test
- nett income
- nett income2
- nett income3
Runing ruleset Means Test
- nett income
- nett income2
- nett income3
Runing ruleset Means Test
- nett income
- nett income2
- nett income3
Runing ruleset Means Test
- nett income
- nett income2
- nett income3
Runing ruleset Means Test
- nett income
- nett income2
- nett income3
Runing ruleset Means Test
- nett income
- nett income2
- nett income3
Runing ruleset Means Test
- nett income
- nett income2
- nett income3
Runing ruleset Means Test
- nett income
- nett income2
- nett income3
Runing ruleset Means Test
- nett income
- nett income2
- nett income3
Runing ruleset Means Test
- nett income
- nett income2
- nett income3
Runing ruleset Means Test
- nett income
- nett income2
- nett income3
Runing ruleset Means Test
- nett income
- nett income2
- nett income3
Runing ruleset Means Test
- nett income
- nett income2
- nett income3
Runing ruleset Means Test
- nett income
- nett income2
- nett income3
Runing ruleset Means Test
- nett income
- nett income2
- nett income3
Runing ruleset Means Test
- nett income
- nett income2
- nett income3
Runing ruleset Means Test
- nett income
- nett income2
- nett income3
Runing ruleset Means Test
- nett income
- nett income2
- nett income3
Runing ruleset Means Test
- nett income
- nett income2
- nett income3
Runing ruleset Means Test
- nett income
- nett income2
- nett income3
Runing ruleset Means Test
- nett income
- nett income2
- nett income3
Runing ruleset Means Test
- nett income
- nett income2
- nett income3
Runing ruleset Means Test
- nett income
- nett income2
- nett income3
Runing ruleset Means Test
- nett income
- nett income2
- nett income3
Runing ruleset Means Test
- nett income
- nett income2
- nett income3
Runing ruleset Means Test
- nett income
- nett income2
- nett income3
Runing ruleset Means Test
- nett income
- nett income2
- nett income3
Runing ruleset Means Test
- nett income
- nett income2
- nett income3
Runing ruleset Means Test
- nett income
- nett income2
- nett income3
Runing ruleset Means Test
- nett income
- nett income2
- nett income3
Runing ruleset Means Test
- nett income
- nett income2
- nett income3
Runing ruleset Means Test
- nett income
- nett income2
- nett income3
Runing ruleset Means Test
- nett income
- nett income2
- nett income3
Runing ruleset Means Test
- nett income
- nett income2
- nett income3
Runing ruleset Means Test
- nett income
- nett income2
- nett income3
Runing ruleset Means Test
- nett income
- nett income2
- nett income3
Runing ruleset Means Test
- nett income
- nett income2
- nett income3
Runing ruleset Means Test
- nett income
- nett income2
- nett income3
Runing ruleset Means Test
- nett income
- nett income2
- nett income3
Runing ruleset Means Test
- nett income
- nett income2
- nett income3
Runing ruleset Means Test
- nett income
- nett income2
- nett income3
Runing ruleset Means Test
- nett income
- nett income2
- nett income3
Runing ruleset Means Test
- nett income
- nett income2
- nett income3
Runing ruleset Means Test
- nett income
- nett income2
- nett income3
Runing ruleset Means Test
- nett income
- nett income2
- nett income3
Runing ruleset Means Test
- nett income
- nett income2
- nett income3
Runing ruleset Means Test
- nett income
- nett income2
- nett income3
Runing ruleset Means Test
- nett income
- nett income2
- nett income3
Runing ruleset Means Test
- nett income
- nett income2
- nett income3
Runing ruleset Means Test
- nett income
- nett income2
- nett income3
Runing ruleset Means Test
- nett income
- nett income2
- nett income3
Runing ruleset Means Test
- nett income
- nett income2
- nett income3
Runing ruleset Means Test
- nett income
- nett income2
- nett income3
Runing ruleset Means Test
- nett income
- nett income2
- nett income3
Runing ruleset Means Test
- nett income
- nett income2
- nett income3
Runing ruleset Means Test
- nett income
- nett income2
- nett income3
Runing ruleset Means Test
- nett income
- nett income2
- nett income3
Runing ruleset Means Test
- nett income
- nett income2
- nett income3
Runing ruleset Means Test
- nett income
- nett income2
- nett income3
Runing ruleset Means Test
- nett income
- nett income2
- nett income3
Runing ruleset Means Test
- nett income
- nett income2
- nett income3
Runing ruleset Means Test
- nett income
- nett income2
- nett income3
Runing ruleset Means Test
- nett income
- nett income2
- nett income3
Runing ruleset Means Test
- nett income
- nett income2
- nett income3
Runing ruleset Means Test
- nett income
- nett income2
- nett income3
Runing ruleset Means Test
- nett income
- nett income2
- nett income3
Runing ruleset Means Test
- nett income
- nett income2
- nett income3
Runing ruleset Means Test
- nett income
- nett income2
- nett income3
Runing ruleset Means Test
- nett income
- nett income2
- nett income3
Runing ruleset Means Test
- nett income
- nett income2
- nett income3
Runing ruleset Means Test
- nett income
- nett income2
- nett income3
Runing ruleset Means Test
- nett income
- nett income2
- nett income3
Runing ruleset Means Test
- nett income
- nett income2
- nett income3
Runing ruleset Means Test
- nett income
- nett income2
- nett income3
Runing ruleset Means Test
- nett income
- nett income2
- nett income3
Runing ruleset Means Test
- nett income
- nett income2
- nett income3
Runing ruleset Means Test
- nett income
- nett income2
- nett income3
Runing ruleset Means Test
- nett income
- nett income2
- nett income3
Runing ruleset Means Test
- nett income
- nett income2
- nett income3
Runing ruleset Means Test
- nett income
- nett income2
- nett income3
Runing ruleset Means Test
- nett income
- nett income2
- nett income3
Runing ruleset Means Test
- nett income
- nett income2
- nett income3
Runing ruleset Means Test
- nett income
- nett income2
- nett income3
Runing ruleset Means Test
- nett income
- nett income2
- nett income3
Runing ruleset Means Test
- nett income
- nett income2
- nett income3
Runing ruleset Means Test
- nett income
- nett income2
- nett income3
Runing ruleset Means Test
- nett income
- nett income2
- nett income3
Runing ruleset Means Test
- nett income
- nett income2
- nett income3
Runing ruleset Means Test
- nett income
- nett income2
- nett income3
Runing ruleset Means Test
- nett income
- nett income2
- nett income3
Runing ruleset Means Test
- nett income
- nett income2
- nett income3
Runing ruleset Means Test
- nett income
- nett income2
- nett income3
Runing ruleset Means Test
- nett income
- nett income2
- nett income3
Runing ruleset Means Test
- nett income
- nett income2
- nett income3
Runing ruleset Means Test
- nett income
- nett income2
- nett income3
Runing ruleset Means Test
- nett income
- nett income2
- nett income3
Runing ruleset Means Test
- nett income
- nett income2
- nett income3
Runing ruleset Means Test
- nett income
- nett income2
- nett income3
Runing ruleset Means Test
- nett income
- nett income2
- nett income3
Runing ruleset Means Test
- nett income
- nett income2
- nett income3
Runing ruleset Means Test
- nett income
- nett income2
- nett income3
Runing ruleset Means Test
- nett income
- nett income2
- nett income3
Runing ruleset Means Test
- nett income
- nett income2
- nett income3
Runing ruleset Means Test
- nett income
- nett income2
- nett income3
Runing ruleset Means Test
- nett income
- nett income2
- nett income3
Runing ruleset Means Test
- nett income
- nett income2
- nett income3
Runing ruleset Means Test
- nett income
- nett income2
- nett income3
Runing ruleset Means Test
- nett income
- nett income2
- nett income3
Runing ruleset Means Test
- nett income
- nett income2
- nett income3
Runing ruleset Means Test
- nett income
- nett income2
- nett income3
Runing ruleset Means Test
- nett income
- nett income2
- nett income3
Runing ruleset Means Test
- nett income
- nett income2
- nett income3
Runing ruleset Means Test
- nett income
- nett income2
- nett income3
Runing ruleset Means Test
- nett income
- nett income2
- nett income3
Runing ruleset Means Test
- nett income
- nett income2
- nett income3
Runing ruleset Means Test
- nett income
- nett income2
- nett income3
Runing ruleset Means Test
- nett income
- nett income2
- nett income3
Runing ruleset Means Test
- nett income
- nett income2
- nett income3
Runing ruleset Means Test
- nett income
- nett income2
- nett income3
Runing ruleset Means Test
- nett income
- nett income2
- nett income3
Runing ruleset Means Test
- nett income
- nett income2
- nett income3
Runing ruleset Means Test
- nett income
- nett income2
- nett income3
Runing ruleset Means Test
- nett income
- nett income2
- nett income3
Runing ruleset Means Test
- nett income
- nett income2
- nett income3
Runing ruleset Means Test
- nett income
- nett income2
- nett income3
Runing ruleset Means Test
- nett income
- nett income2
- nett income3
Runing ruleset Means Test
- nett income
- nett income2
- nett income3
Runing ruleset Means Test
- nett income
- nett income2
- nett income3
Runing ruleset Means Test
- nett income
- nett income2
- nett income3
Runing ruleset Means Test
- nett income
- nett income2
- nett income3
Runing ruleset Means Test
- nett income
- nett income2
- nett income3
Runing ruleset Means Test
- nett income
- nett income2
- nett income3
Runing ruleset Means Test
- nett income
- nett income2
- nett income3
Runing ruleset Means Test
- nett income
- nett income2
- nett income3
Runing ruleset Means Test
- nett income
- nett income2
- nett income3
Runing ruleset Means Test
- nett income
- nett income2
- nett income3
Runing ruleset Means Test
- nett income
- nett income2
- nett income3
Runing ruleset Means Test
- nett income
- nett income2
- nett income3
Runing ruleset Means Test
- nett income
- nett income2
- nett income3
Runing ruleset Means Test
- nett income
- nett income2
- nett income3
Runing ruleset Means Test
- nett income
- nett income2
- nett income3
Runing ruleset Means Test
- nett income
- nett income2
- nett income3
Runing ruleset Means Test
- nett income
- nett income2
- nett income3
Runing ruleset Means Test
- nett income
- nett income2
- nett income3
Runing ruleset Means Test
- nett income
- nett income2
- nett income3
Runing ruleset Means Test
- nett income
- nett income2
- nett income3
Runing ruleset Means Test
- nett income
- nett income2
- nett income3
Runing ruleset Means Test
- nett income
- nett income2
- nett income3
Runing ruleset Means Test
- nett income
- nett income2
- nett income3
Runing ruleset Means Test
- nett income
- nett income2
- nett income3
Runing ruleset Means Test
- nett income
- nett income2
- nett income3
Runing ruleset Means Test
- nett income
- nett income2
- nett income3
Runing ruleset Means Test
- nett income
- nett income2
- nett income3
Runing ruleset Means Test
- nett income
- nett income2
- nett income3
Runing ruleset Means Test
- nett income
- nett income2
- nett income3
Runing ruleset Means Test
- nett income
- nett income2
- nett income3
Runing ruleset Means Test
- nett income
- nett income2
- nett income3
Runing ruleset Means Test
- nett income
- nett income2
- nett income3
Runing ruleset Means Test
- nett income
- nett income2
- nett income3
Runing ruleset Means Test
- nett income
- nett income2
- nett income3
Runing ruleset Means Test
- nett income
- nett income2
- nett income3
Runing ruleset Means Test
- nett income
- nett income2
- nett income3
Runing ruleset Means Test
- nett income
- nett income2
- nett income3
Runing ruleset Means Test
- nett income
- nett income2
- nett income3
Runing ruleset Means Test
- nett income
- nett income2
- nett income3
Runing ruleset Means Test
- nett income
- nett income2
- nett income3
Runing ruleset Means Test
- nett income
- nett income2
- nett income3
Runing ruleset Means Test
- nett income
- nett income2
- nett income3
Runing ruleset Means Test
- nett income
- nett income2
- nett income3
Runing ruleset Means Test
- nett income
- nett income2
- nett income3
Runing ruleset Means Test
- nett income
- nett income2
- nett income3
Runing ruleset Means Test
- nett income
- nett income2
- nett income3
Runing ruleset Means Test
- nett income
- nett income2
- nett income3
Runing ruleset Means Test
- nett income
- nett income2
- nett income3
Runing ruleset Means Test
- nett income
- nett income2
- nett income3
Runing ruleset Means Test
- nett income
- nett income2
- nett income3
Runing ruleset Means Test
- nett income
- nett income2
- nett income3
Runing ruleset Means Test
- nett income
- nett income2
- nett income3
Runing ruleset Means Test
- nett income
- nett income2
- nett income3
Runing ruleset Means Test
- nett income
- nett income2
- nett income3
Runing ruleset Means Test
- nett income
- nett income2
- nett income3
Runing ruleset Means Test
- nett income
- nett income2
- nett income3
Runing ruleset Means Test
- nett income
- nett income2
- nett income3
Runing ruleset Means Test
- nett income
- nett income2
- nett income3
Runing ruleset Means Test
- nett income
- nett income2
- nett income3
Runing ruleset Means Test
- nett income
- nett income2
- nett income3
Runing ruleset Means Test
- nett income
- nett income2
- nett income3
Runing ruleset Means Test
- nett income
- nett income2
- nett income3
Runing ruleset Means Test
- nett income
- nett income2
- nett income3
Runing ruleset Means Test
- nett income
- nett income2
- nett income3
Runing ruleset Means Test
- nett income
- nett income2
- nett income3
Runing ruleset Means Test
- nett income
- nett income2
- nett income3
Runing ruleset Means Test
- nett income
- nett income2
- nett income3
Runing ruleset Means Test
- nett income
- nett income2
- nett income3
Runing ruleset Means Test
- nett income
- nett income2
- nett income3
Runing ruleset Means Test
- nett income
- nett income2
- nett income3
Runing ruleset Means Test
- nett income
- nett income2
- nett income3
Runing ruleset Means Test
- nett income
- nett income2
- nett income3
Runing ruleset Means Test
- nett income
- nett income2
- nett income3
Runing ruleset Means Test
- nett income
- nett income2
- nett income3
Runing ruleset Means Test
- nett income
- nett income2
- nett income3
Runing ruleset Means Test
- nett income
- nett income2
- nett income3
Runing ruleset Means Test
- nett income
- nett income2
- nett income3
Runing ruleset Means Test
- nett income
- nett income2
- nett income3
Runing ruleset Means Test
- nett income
- nett income2
- nett income3
Runing ruleset Means Test
- nett income
- nett income2
- nett income3
Runing ruleset Means Test
- nett income
- nett income2
- nett income3
Runing ruleset Means Test
- nett income
- nett income2
- nett income3
Runing ruleset Means Test
- nett income
- nett income2
- nett income3
Runing ruleset Means Test
- nett income
- nett income2
- nett income3
Runing ruleset Means Test
- nett income
- nett income2
- nett income3
Runing ruleset Means Test
- nett income
- nett income2
- nett income3
Runing ruleset Means Test
- nett income
- nett income2
- nett income3
Runing ruleset Means Test
- nett income
- nett income2
- nett income3
Runing ruleset Means Test
- nett income
- nett income2
- nett income3
Runing ruleset Means Test
- nett income
- nett income2
- nett income3
Runing ruleset Means Test
- nett income
- nett income2
- nett income3
Runing ruleset Means Test
- nett income
- nett income2
- nett income3
Runing ruleset Means Test
- nett income
- nett income2
- nett income3
Runing ruleset Means Test
- nett income
- nett income2
- nett income3
Runing ruleset Means Test
- nett income
- nett income2
- nett income3
Runing ruleset Means Test
- nett income
- nett income2
- nett income3
Runing ruleset Means Test
- nett income
- nett income2
- nett income3
Runing ruleset Means Test
- nett income
- nett income2
- nett income3
Runing ruleset Means Test
- nett income
- nett income2
- nett income3
Runing ruleset Means Test
- nett income
- nett income2
- nett income3
Runing ruleset Means Test
- nett income
- nett income2
- nett income3
Runing ruleset Means Test
- nett income
- nett income2
- nett income3
Runing ruleset Means Test
- nett income
- nett income2
- nett income3
Runing ruleset Means Test
- nett income
- nett income2
- nett income3
Runing ruleset Means Test
- nett income
- nett income2
- nett income3
Runing ruleset Means Test
- nett income
- nett income2
- nett income3
Runing ruleset Means Test
- nett income
- nett income2
- nett income3
Runing ruleset Means Test
- nett income
- nett income2
- nett income3
Runing ruleset Means Test
- nett income
- nett income2
- nett income3
Runing ruleset Means Test
- nett income
- nett income2
- nett income3
Runing ruleset Means Test
- nett income
- nett income2
- nett income3
Runing ruleset Means Test
- nett income
- nett income2
- nett income3
Runing ruleset Means Test
- nett income
- nett income2
- nett income3
Runing ruleset Means Test
- nett income
- nett income2
- nett income3
Runing ruleset Means Test
- nett income
- nett income2
- nett income3
Runing ruleset Means Test
- nett income
- nett income2
- nett income3
Runing ruleset Means Test
- nett income
- nett income2
- nett income3
Runing ruleset Means Test
- nett income
- nett income2
- nett income3
Runing ruleset Means Test
- nett income
- nett income2
- nett income3
Runing ruleset Means Test
- nett income
- nett income2
- nett income3
Runing ruleset Means Test
- nett income
- nett income2
- nett income3
Runing ruleset Means Test
- nett income
- nett income2
- nett income3
Runing ruleset Means Test
- nett income
- nett income2
- nett income3
Runing ruleset Means Test
- nett income
- nett income2
- nett income3
Runing ruleset Means Test
- nett income
- nett income2
- nett income3
Runing ruleset Means Test
- nett income
- nett income2
- nett income3
Runing ruleset Means Test
- nett income
- nett income2
- nett income3
Runing ruleset Means Test
- nett income
- nett income2
- nett income3
Runing ruleset Means Test
- nett income
- nett income2
- nett income3
Runing ruleset Means Test
- nett income
- nett income2
- nett income3
Runing ruleset Means Test
- nett income
- nett income2
- nett income3
Runing ruleset Means Test
- nett income
- nett income2
- nett income3
Runing ruleset Means Test
- nett income
- nett income2
- nett income3
Runing ruleset Means Test
- nett income
- nett income2
- nett income3
Runing ruleset Means Test
- nett income
- nett income2
- nett income3
Runing ruleset Means Test
- nett income
- nett income2
- nett income3
Runing ruleset Means Test
- nett income
- nett income2
- nett income3
Runing ruleset Means Test
- nett income
- nett income2
- nett income3
Runing ruleset Means Test
- nett income
- nett income2
- nett income3
Runing ruleset Means Test
- nett income
- nett income2
- nett income3
Runing ruleset Means Test
- nett income
- nett income2
- nett income3
Runing ruleset Means Test
- nett income
- nett income2
- nett income3
Runing ruleset Means Test
- nett income
- nett income2
- nett income3
Runing ruleset Means Test
- nett income
- nett income2
- nett income3
Runing ruleset Means Test
- nett income
- nett income2
- nett income3
Runing ruleset Means Test
- nett income
- nett income2
- nett income3
Runing ruleset Means Test
- nett income
- nett income2
- nett income3
Runing ruleset Means Test
- nett income
- nett income2
- nett income3
Runing ruleset Means Test
- nett income
- nett income2
- nett income3
Runing ruleset Means Test
- nett income
- nett income2
- nett income3
Runing ruleset Means Test
- nett income
- nett income2
- nett income3
Runing ruleset Means Test
- nett income
- nett income2
- nett income3
Runing ruleset Means Test
- nett income
- nett income2
- nett income3
Runing ruleset Means Test
- nett income
- nett income2
- nett income3
Runing ruleset Means Test
- nett income
- nett income2
- nett income3
Runing ruleset Means Test
- nett income
- nett income2
- nett income3
Runing ruleset Means Test
- nett income
- nett income2
- nett income3
Runing ruleset Means Test
- nett income
- nett income2
- nett income3
Runing ruleset Means Test
- nett income
- nett income2
- nett income3
Runing ruleset Means Test
- nett income
- nett income2
- nett income3
Runing ruleset Means Test
- nett income
- nett income2
- nett income3
Runing ruleset Means Test
- nett income
- nett income2
- nett income3
Runing ruleset Means Test
- nett income
- nett income2
- nett income3
Runing ruleset Means Test
- nett income
- nett income2
- nett income3
Runing ruleset Means Test
- nett income
- nett income2
- nett income3
Runing ruleset Means Test
- nett income
- nett income2
- nett income3
Runing ruleset Means Test
- nett income
- nett income2
- nett income3
Runing ruleset Means Test
- nett income
- nett income2
- nett income3
Runing ruleset Means Test
- nett income
- nett income2
- nett income3
Runing ruleset Means Test
- nett income
- nett income2
- nett income3
Runing ruleset Means Test
- nett income
- nett income2
- nett income3
Runing ruleset Means Test
- nett income
- nett income2
- nett income3
Runing ruleset Means Test
- nett income
- nett income2
- nett income3
Runing ruleset Means Test
- nett income
- nett income2
- nett income3
Runing ruleset Means Test
- nett income
- nett income2
- nett income3
Runing ruleset Means Test
- nett income
- nett income2
- nett income3
Runing ruleset Means Test
- nett income
- nett income2
- nett income3
Runing ruleset Means Test
- nett income
- nett income2
- nett income3
Runing ruleset Means Test
- nett income
- nett income2
- nett income3
Runing ruleset Means Test
- nett income
- nett income2
- nett income3
Runing ruleset Means Test
- nett income
- nett income2
- nett income3
Runing ruleset Means Test
- nett income
- nett income2
- nett income3
Runing ruleset Means Test
- nett income
- nett income2
- nett income3
Runing ruleset Means Test
- nett income
- nett income2
- nett income3
Runing ruleset Means Test
- nett income
- nett income2
- nett income3
Runing ruleset Means Test
- nett income
- nett income2
- nett income3
Runing ruleset Means Test
- nett income
- nett income2
- nett income3
Runing ruleset Means Test
- nett income
- nett income2
- nett income3
Runing ruleset Means Test
- nett income
- nett income2
- nett income3
Runing ruleset Means Test
- nett income
- nett income2
- nett income3
Runing ruleset Means Test
- nett income
- nett income2
- nett income3
Runing ruleset Means Test
- nett income
- nett income2
- nett income3
Runing ruleset Means Test
- nett income
- nett income2
- nett income3
Runing ruleset Means Test
- nett income
- nett income2
- nett income3
Runing ruleset Means Test
- nett income
- nett income2
- nett income3
Runing ruleset Means Test
- nett income
- nett income2
- nett income3
Runing ruleset Means Test
- nett income
- nett income2
- nett income3
Runing ruleset Means Test
- nett income
- nett income2
- nett income3
Runing ruleset Means Test
- nett income
- nett income2
- nett income3
Runing ruleset Means Test
- nett income
- nett income2
- nett income3
Runing ruleset Means Test
- nett income
- nett income2
- nett income3
Runing ruleset Means Test
- nett income
- nett income2
- nett income3
Runing ruleset Means Test
- nett income
- nett income2
- nett income3
Runing ruleset Means Test
- nett income
- nett income2
- nett income3
Runing ruleset Means Test
- nett income
- nett income2
- nett income3
Runing ruleset Means Test
- nett income
- nett income2
- nett income3
Runing ruleset Means Test
- nett income
- nett income2
- nett income3
Runing ruleset Means Test
- nett income
- nett income2
- nett income3
Runing ruleset Means Test
- nett income
- nett income2
- nett income3
Runing ruleset Means Test
- nett income
- nett income2
- nett income3
Runing ruleset Means Test
- nett income
- nett income2
- nett income3
Runing ruleset Means Test
- nett income
- nett income2
- nett income3
Runing ruleset Means Test
- nett income
- nett income2
- nett income3
Runing ruleset Means Test
- nett income
- nett income2
- nett income3
Runing ruleset Means Test
- nett income
- nett income2
- nett income3
Runing ruleset Means Test
- nett income
- nett income2
- nett income3
Runing ruleset Means Test
- nett income
- nett income2
- nett income3
Runing ruleset Means Test
- nett income
- nett income2
- nett income3
Runing ruleset Means Test
- nett income
- nett income2
- nett income3
Runing ruleset Means Test
- nett income
- nett income2
- nett income3
Runing ruleset Means Test
- nett income
- nett income2
- nett income3
Runing ruleset Means Test
- nett income
- nett income2
- nett income3
Runing ruleset Means Test
- nett income
- nett income2
- nett income3
Runing ruleset Means Test
- nett income
- nett income2
- nett income3
Runing ruleset Means Test
- nett income
- nett income2
- nett income3
Runing ruleset Means Test
- nett income
- nett income2
- nett income3
Runing ruleset Means Test
- nett income
- nett income2
- nett income3
Runing ruleset Means Test
- nett income
- nett income2
- nett income3
Runing ruleset Means Test
- nett income
- nett income2
- nett income3
Runing ruleset Means Test
- nett income
- nett income2
- nett income3
Runing ruleset Means Test
- nett income
- nett income2
- nett income3
Runing ruleset Means Test
- nett income
- nett income2
- nett income3
Runing ruleset Means Test
- nett income
- nett income2
- nett income3
Runing ruleset Means Test
- nett income
- nett income2
- nett income3
Runing ruleset Means Test
- nett income
- nett income2
- nett income3
Runing ruleset Means Test
- nett income
- nett income2
- nett income3
Runing ruleset Means Test
- nett income
- nett income2
- nett income3
Runing ruleset Means Test
- nett income
- nett income2
- nett income3
Runing ruleset Means Test
- nett income
- nett income2
- nett income3
Runing ruleset Means Test
- nett income
- nett income2
- nett income3
Runing ruleset Means Test
- nett income
- nett income2
- nett income3
Runing ruleset Means Test
- nett income
- nett income2
- nett income3
Runing ruleset Means Test
- nett income
- nett income2
- nett income3
Runing ruleset Means Test
- nett income
- nett income2
- nett income3
Runing ruleset Means Test
- nett income
- nett income2
- nett income3
Runing ruleset Means Test
- nett income
- nett income2
- nett income3
Runing ruleset Means Test
- nett income
- nett income2
- nett income3
Runing ruleset Means Test
- nett income
- nett income2
- nett income3
Runing ruleset Means Test
- nett income
- nett income2
- nett income3
Runing ruleset Means Test
- nett income
- nett income2
- nett income3
Runing ruleset Means Test
- nett income
- nett income2
- nett income3
Runing ruleset Means Test
- nett income
- nett income2
- nett income3
Runing ruleset Means Test
- nett income
- nett income2
- nett income3
Runing ruleset Means Test
- nett income
- nett income2
- nett income3
Runing ruleset Means Test
- nett income
- nett income2
- nett income3
Runing ruleset Means Test
- nett income
- nett income2
- nett income3
Runing ruleset Means Test
- nett income
- nett income2
- nett income3
Runing ruleset Means Test
- nett income
- nett income2
- nett income3
Runing ruleset Means Test
- nett income
- nett income2
- nett income3
Runing ruleset Means Test
- nett income
- nett income2
- nett income3
Runing ruleset Means Test
- nett income
- nett income2
- nett income3
Runing ruleset Means Test
- nett income
- nett income2
- nett income3
Runing ruleset Means Test
- nett income
- nett income2
- nett income3
Runing ruleset Means Test
- nett income
- nett income2
- nett income3
Runing ruleset Means Test
- nett income
- nett income2
- nett income3
Runing ruleset Means Test
- nett income
- nett income2
- nett income3
Runing ruleset Means Test
- nett income
- nett income2
- nett income3
Runing ruleset Means Test
- nett income
- nett income2
- nett income3
Runing ruleset Means Test
- nett income
- nett income2
- nett income3
Runing ruleset Means Test
- nett income
- nett income2
- nett income3
Runing ruleset Means Test
- nett income
- nett income2
- nett income3
Runing ruleset Means Test
- nett income
- nett income2
- nett income3
Runing ruleset Means Test
- nett income
- nett income2
- nett income3
Runing ruleset Means Test
- nett income
- nett income2
- nett income3
Runing ruleset Means Test
- nett income
- nett income2
- nett income3
Runing ruleset Means Test
- nett income
- nett income2
- nett income3
Runing ruleset Means Test
- nett income
- nett income2
- nett income3
Runing ruleset Means Test
- nett income
- nett income2
- nett income3
Runing ruleset Means Test
- nett income
- nett income2
- nett income3
Runing ruleset Means Test
- nett income
- nett income2
- nett income3
Runing ruleset Means Test
- nett income
- nett income2
- nett income3
Runing ruleset Means Test
- nett income
- nett income2
- nett income3
Runing ruleset Means Test
- nett income
- nett income2
- nett income3
Runing ruleset Means Test
- nett income
- nett income2
- nett income3
Runing ruleset Means Test
- nett income
- nett income2
- nett income3
Runing ruleset Means Test
- nett income
- nett income2
- nett income3
Runing ruleset Means Test
- nett income
- nett income2
- nett income3
Runing ruleset Means Test
- nett income
- nett income2
- nett income3
Runing ruleset Means Test
- nett income
- nett income2
- nett income3
Runing ruleset Means Test
- nett income
- nett income2
- nett income3
Runing ruleset Means Test
- nett income
- nett income2
- nett income3
Runing ruleset Means Test
- nett income
- nett income2
- nett income3
Runing ruleset Means Test
- nett income
- nett income2
- nett income3
Runing ruleset Means Test
- nett income
- nett income2
- nett income3
Runing ruleset Means Test
- nett income
- nett income2
- nett income3
Runing ruleset Means Test
- nett income
- nett income2
- nett income3
Runing ruleset Means Test
- nett income
- nett income2
- nett income3
Runing ruleset Means Test
- nett income
- nett income2
- nett income3
Runing ruleset Means Test
- nett income
- nett income2
- nett income3
Runing ruleset Means Test
- nett income
- nett income2
- nett income3
Runing ruleset Means Test
- nett income
- nett income2
- nett income3
Runing ruleset Means Test
- nett income
- nett income2
- nett income3
Runing ruleset Means Test
- nett income
- nett income2
- nett income3
Runing ruleset Means Test
- nett income
- nett income2
- nett income3
Runing ruleset Means Test
- nett income
- nett income2
- nett income3
Runing ruleset Means Test
- nett income
- nett income2
- nett income3
Runing ruleset Means Test
- nett income
- nett income2
- nett income3
Runing ruleset Means Test
- nett income
- nett income2
- nett income3
Runing ruleset Means Test
- nett income
- nett income2
- nett income3
Runing ruleset Means Test
- nett income
- nett income2
- nett income3
Runing ruleset Means Test
- nett income
- nett income2
- nett income3
Runing ruleset Means Test
- nett income
- nett income2
- nett income3
Runing ruleset Means Test
- nett income
- nett income2
- nett income3
Runing ruleset Means Test
- nett income
- nett income2
- nett income3
Runing ruleset Means Test
- nett income
- nett income2
- nett income3
Runing ruleset Means Test
- nett income
- nett income2
- nett income3
Runing ruleset Means Test
- nett income
- nett income2
- nett income3
Runing ruleset Means Test
- nett income
- nett income2
- nett income3
Runing ruleset Means Test
- nett income
- nett income2
- nett income3
Runing ruleset Means Test
- nett income
- nett income2
- nett income3
Runing ruleset Means Test
- nett income
- nett income2
- nett income3
Runing ruleset Means Test
- nett income
- nett income2
- nett income3
Runing ruleset Means Test
- nett income
- nett income2
- nett income3
Runing ruleset Means Test
- nett income
- nett income2
- nett income3
Runing ruleset Means Test
- nett income
- nett income2
- nett income3
Runing ruleset Means Test
- nett income
- nett income2
- nett income3
Runing ruleset Means Test
- nett income
- nett income2
- nett income3
Runing ruleset Means Test
- nett income
- nett income2
- nett income3
Runing ruleset Means Test
- nett income
- nett income2
- nett income3
Runing ruleset Means Test
- nett income
- nett income2
- nett income3
Runing ruleset Means Test
- nett income
- nett income2
- nett income3
Runing ruleset Means Test
- nett income
- nett income2
- nett income3
Runing ruleset Means Test
- nett income
- nett income2
- nett income3
Runing ruleset Means Test
- nett income
- nett income2
- nett income3
Runing ruleset Means Test
- nett income
- nett income2
- nett income3
Runing ruleset Means Test
- nett income
- nett income2
- nett income3
Runing ruleset Means Test
- nett income
- nett income2
- nett income3
Runing ruleset Means Test
- nett income
- nett income2
- nett income3
Runing ruleset Means Test
- nett income
- nett income2
- nett income3
Runing ruleset Means Test
- nett income
- nett income2
- nett income3
Runing ruleset Means Test
- nett income
- nett income2
- nett income3
Runing ruleset Means Test
- nett income
- nett income2
- nett income3
Runing ruleset Means Test
- nett income
- nett income2
- nett income3
Runing ruleset Means Test
- nett income
- nett income2
- nett income3
Runing ruleset Means Test
- nett income
- nett income2
- nett income3
Runing ruleset Means Test
- nett income
- nett income2
- nett income3
Runing ruleset Means Test
- nett income
- nett income2
- nett income3
Runing ruleset Means Test
- nett income
- nett income2
- nett income3
Runing ruleset Means Test
- nett income
- nett income2
- nett income3
Runing ruleset Means Test
- nett income
- nett income2
- nett income3
Runing ruleset Means Test
- nett income
- nett income2
- nett income3
Runing ruleset Means Test
- nett income
- nett income2
- nett income3
Runing ruleset Means Test
- nett income
- nett income2
- nett income3
Runing ruleset Means Test
- nett income
- nett income2
- nett income3
Runing ruleset Means Test
- nett income
- nett income2
- nett income3
Runing ruleset Means Test
- nett income
- nett income2
- nett income3
Runing ruleset Means Test
- nett income
- nett income2
- nett income3
Runing ruleset Means Test
- nett income
- nett income2
- nett income3
Runing ruleset Means Test
- nett income
- nett income2
- nett income3
Runing ruleset Means Test
- nett income
- nett income2
- nett income3
Runing ruleset Means Test
- nett income
- nett income2
- nett income3
Runing ruleset Means Test
- nett income
- nett income2
- nett income3
Runing ruleset Means Test
- nett income
- nett income2
- nett income3
Runing ruleset Means Test
- nett income
- nett income2
- nett income3
Runing ruleset Means Test
- nett income
- nett income2
- nett income3
Runing ruleset Means Test
- nett income
- nett income2
- nett income3
Runing ruleset Means Test
- nett income
- nett income2
- nett income3
Runing ruleset Means Test
- nett income
- nett income2
- nett income3
Runing ruleset Means Test
- nett income
- nett income2
- nett income3
Runing ruleset Means Test
- nett income
- nett income2
- nett income3
Runing ruleset Means Test
- nett income
- nett income2
- nett income3
Runing ruleset Means Test
- nett income
- nett income2
- nett income3
Runing ruleset Means Test
- nett income
- nett income2
- nett income3
Runing ruleset Means Test
- nett income
- nett income2
- nett income3
Runing ruleset Means Test
- nett income
- nett income2
- nett income3
Runing ruleset Means Test
- nett income
- nett income2
- nett income3
Runing ruleset Means Test
- nett income
- nett income2
- nett income3
Runing ruleset Means Test
- nett income
- nett income2
- nett income3
Runing ruleset Means Test
- nett income
- nett income2
- nett income3
Runing ruleset Means Test
- nett income
- nett income2
- nett income3
Runing ruleset Means Test
- nett income
- nett income2
- nett income3
Runing ruleset Means Test
- nett income
- nett income2
- nett income3
Runing ruleset Means Test
- nett income
- nett income2
- nett income3
Runing ruleset Means Test
- nett income
- nett income2
- nett income3
Runing ruleset Means Test
- nett income
- nett income2
- nett income3
Runing ruleset Means Test
- nett income
- nett income2
- nett income3
Runing ruleset Means Test
- nett income
- nett income2
- nett income3
Runing ruleset Means Test
- nett income
- nett income2
- nett income3
Runing ruleset Means Test
- nett income
- nett income2
- nett income3
Runing ruleset Means Test
- nett income
- nett income2
- nett income3
Runing ruleset Means Test
- nett income
- nett income2
- nett income3
Runing ruleset Means Test
- nett income
- nett income2
- nett income3
Runing ruleset Means Test
- nett income
- nett income2
- nett income3
Runing ruleset Means Test
- nett income
- nett income2
- nett income3
Runing ruleset Means Test
- nett income
- nett income2
- nett income3
Runing ruleset Means Test
- nett income
- nett income2
- nett income3
Runing ruleset Means Test
- nett income
- nett income2
- nett income3
Runing ruleset Means Test
- nett income
- nett income2
- nett income3
Runing ruleset Means Test
- nett income
- nett income2
- nett income3
Runing ruleset Means Test
- nett income
- nett income2
- nett income3
Runing ruleset Means Test
- nett income
- nett income2
- nett income3
Runing ruleset Means Test
- nett income
- nett income2
- nett income3
Runing ruleset Means Test
- nett income
- nett income2
- nett income3
Runing ruleset Means Test
- nett income
- nett income2
- nett income3
Runing ruleset Means Test
- nett income
- nett income2
- nett income3
Runing ruleset Means Test
- nett income
- nett income2
- nett income3
Runing ruleset Means Test
- nett income
- nett income2
- nett income3
Runing ruleset Means Test
- nett income
- nett income2
- nett income3
Runing ruleset Means Test
- nett income
- nett income2
- nett income3
Runing ruleset Means Test
- nett income
- nett income2
- nett income3
Runing ruleset Means Test
- nett income
- nett income2
- nett income3
Runing ruleset Means Test
- nett income
- nett income2
- nett income3
Runing ruleset Means Test
- nett income
- nett income2
- nett income3
Runing ruleset Means Test
- nett income
- nett income2
- nett income3
Runing ruleset Means Test
- nett income
- nett income2
- nett income3
Runing ruleset Means Test
- nett income
- nett income2
- nett income3
Runing ruleset Means Test
- nett income
- nett income2
- nett income3
Runing ruleset Means Test
- nett income
- nett income2
- nett income3
Runing ruleset Means Test
- nett income
- nett income2
- nett income3
Runing ruleset Means Test
- nett income
- nett income2
- nett income3
Runing ruleset Means Test
- nett income
- nett income2
- nett income3
Runing ruleset Means Test
- nett income
- nett income2
- nett income3
Runing ruleset Means Test
- nett income
- nett income2
- nett income3
Runing ruleset Means Test
- nett income
- nett income2
- nett income3
Runing ruleset Means Test
- nett income
- nett income2
- nett income3
Runing ruleset Means Test
- nett income
- nett income2
- nett income3
Runing ruleset Means Test
- nett income
- nett income2
- nett income3
Runing ruleset Means Test
- nett income
- nett income2
- nett income3
Runing ruleset Means Test
- nett income
- nett income2
- nett income3
Runing ruleset Means Test
- nett income
- nett income2
- nett income3
Runing ruleset Means Test
- nett income
- nett income2
- nett income3
Runing ruleset Means Test
- nett income
- nett income2
- nett income3
Runing ruleset Means Test
- nett income
- nett income2
- nett income3
Runing ruleset Means Test
- nett income
- nett income2
- nett income3
Runing ruleset Means Test
- nett income
- nett income2
- nett income3
Runing ruleset Means Test
- nett income
- nett income2
- nett income3
Runing ruleset Means Test
- nett income
- nett income2
- nett income3
Runing ruleset Means Test
- nett income
- nett income2
- nett income3
Runing ruleset Means Test
- nett income
- nett income2
- nett income3
Runing ruleset Means Test
- nett income
- nett income2
- nett income3
Runing ruleset Means Test
- nett income
- nett income2
- nett income3
Runing ruleset Means Test
- nett income
- nett income2
- nett income3
Runing ruleset Means Test
- nett income
- nett income2
- nett income3
Runing ruleset Means Test
- nett income
- nett income2
- nett income3
Runing ruleset Means Test
- nett income
- nett income2
- nett income3
Runing ruleset Means Test
- nett income
- nett income2
- nett income3
Runing ruleset Means Test
- nett income
- nett income2
- nett income3
Runing ruleset Means Test
- nett income
- nett income2
- nett income3
Runing ruleset Means Test
- nett income
- nett income2
- nett income3
Runing ruleset Means Test
- nett income
- nett income2
- nett income3
Runing ruleset Means Test
- nett income
- nett income2
- nett income3
Runing ruleset Means Test
- nett income
- nett income2
- nett income3
Runing ruleset Means Test
- nett income
- nett income2
- nett income3
Runing ruleset Means Test
- nett income
- nett income2
- nett income3
Runing ruleset Means Test
- nett income
- nett income2
- nett income3
Runing ruleset Means Test
- nett income
- nett income2
- nett income3
Runing ruleset Means Test
- nett income
- nett income2
- nett income3
Runing ruleset Means Test
- nett income
- nett income2
- nett income3
Runing ruleset Means Test
- nett income
- nett income2
- nett income3
Runing ruleset Means Test
- nett income
- nett income2
- nett income3
Runing ruleset Means Test
- nett income
- nett income2
- nett income3
Runing ruleset Means Test
- nett income
- nett income2
- nett income3
Runing ruleset Means Test
- nett income
- nett income2
- nett income3
Runing ruleset Means Test
- nett income
- nett income2
- nett income3
Runing ruleset Means Test
- nett income
- nett income2
- nett income3
Runing ruleset Means Test
- nett income
- nett income2
- nett income3
Runing ruleset Means Test
- nett income
- nett income2
- nett income3
Runing ruleset Means Test
- nett income
- nett income2
- nett income3
Runing ruleset Means Test
- nett income
- nett income2
- nett income3
Runing ruleset Means Test
- nett income
- nett income2
- nett income3
Runing ruleset Means Test
- nett income
- nett income2
- nett income3
Runing ruleset Means Test
- nett income
- nett income2
- nett income3
Runing ruleset Means Test
- nett income
- nett income2
- nett income3
Runing ruleset Means Test
- nett income
- nett income2
- nett income3
Runing ruleset Means Test
- nett income
- nett income2
- nett income3
Runing ruleset Means Test
- nett income
- nett income2
- nett income3
Runing ruleset Means Test
- nett income
- nett income2
- nett income3
Runing ruleset Means Test
- nett income
- nett income2
- nett income3
Runing ruleset Means Test
- nett income
- nett income2
- nett income3
Runing ruleset Means Test
- nett income
- nett income2
- nett income3
Runing ruleset Means Test
- nett income
- nett income2
- nett income3
Runing ruleset Means Test
- nett income
- nett income2
- nett income3
Runing ruleset Means Test
- nett income
- nett income2
- nett income3
Runing ruleset Means Test
- nett income
- nett income2
- nett income3
Runing ruleset Means Test
- nett income
- nett income2
- nett income3
Runing ruleset Means Test
- nett income
- nett income2
- nett income3
Runing ruleset Means Test
- nett income
- nett income2
- nett income3
Runing ruleset Means Test
- nett income
- nett income2
- nett income3
Runing ruleset Means Test
- nett income
- nett income2
- nett income3
Runing ruleset Means Test
- nett income
- nett income2
- nett income3
Runing ruleset Means Test
- nett income
- nett income2
- nett income3
Runing ruleset Means Test
- nett income
- nett income2
- nett income3
Runing ruleset Means Test
- nett income
- nett income2
- nett income3
Runing ruleset Means Test
- nett income
- nett income2
- nett income3
Runing ruleset Means Test
- nett income
- nett income2
- nett income3
Runing ruleset Means Test
- nett income
- nett income2
- nett income3
Runing ruleset Means Test
- nett income
- nett income2
- nett income3
Runing ruleset Means Test
- nett income
- nett income2
- nett income3
Runing ruleset Means Test
- nett income
- nett income2
- nett income3
Runing ruleset Means Test
- nett income
- nett income2
- nett income3
Runing ruleset Means Test
- nett income
- nett income2
- nett income3
Runing ruleset Means Test
- nett income
- nett income2
- nett income3
Runing ruleset Means Test
- nett income
- nett income2
- nett income3
Runing ruleset Means Test
- nett income
- nett income2
- nett income3
Runing ruleset Means Test
- nett income
- nett income2
- nett income3
Runing ruleset Means Test
- nett income
- nett income2
- nett income3
Runing ruleset Means Test
- nett income
- nett income2
- nett income3
Runing ruleset Means Test
- nett income
- nett income2
- nett income3
Runing ruleset Means Test
- nett income
- nett income2
- nett income3
Runing ruleset Means Test
- nett income
- nett income2
- nett income3
Runing ruleset Means Test
- nett income
- nett income2
- nett income3
Runing ruleset Means Test
- nett income
- nett income2
- nett income3
Runing ruleset Means Test
- nett income
- nett income2
- nett income3
Runing ruleset Means Test
- nett income
- nett income2
- nett income3
Runing ruleset Means Test
- nett income
- nett income2
- nett income3
Runing ruleset Means Test
- nett income
- nett income2
- nett income3
Runing ruleset Means Test
- nett income
- nett income2
- nett income3
Runing ruleset Means Test
- nett income
- nett income2
- nett income3
Runing ruleset Means Test
- nett income
- nett income2
- nett income3
Runing ruleset Means Test
- nett income
- nett income2
- nett income3
Runing ruleset Means Test
- nett income
- nett income2
- nett income3
Runing ruleset Means Test
- nett income
- nett income2
- nett income3
Runing ruleset Means Test
- nett income
- nett income2
- nett income3
Runing ruleset Means Test
- nett income
- nett income2
- nett income3
Runing ruleset Means Test
- nett income
- nett income2
- nett income3
Runing ruleset Means Test
- nett income
- nett income2
- nett income3
Runing ruleset Means Test
- nett income
- nett income2
- nett income3
Runing ruleset Means Test
- nett income
- nett income2
- nett income3
Runing ruleset Means Test
- nett income
- nett income2
- nett income3
Runing ruleset Means Test
- nett income
- nett income2
- nett income3
Runing ruleset Means Test
- nett income
- nett income2
- nett income3
Runing ruleset Means Test
- nett income
- nett income2
- nett income3
Runing ruleset Means Test
- nett income
- nett income2
- nett income3
Runing ruleset Means Test
- nett income
- nett income2
- nett income3
Runing ruleset Means Test
- nett income
- nett income2
- nett income3
Runing ruleset Means Test
- nett income
- nett income2
- nett income3
Runing ruleset Means Test
- nett income
- nett income2
- nett income3
Runing ruleset Means Test
- nett income
- nett income2
- nett income3
Runing ruleset Means Test
- nett income
- nett income2
- nett income3
Runing ruleset Means Test
- nett income
- nett income2
- nett income3
Runing ruleset Means Test
- nett income
- nett income2
- nett income3
Runing ruleset Means Test
- nett income
- nett income2
- nett income3
Runing ruleset Means Test
- nett income
- nett income2
- nett income3
Runing ruleset Means Test
- nett income
- nett income2
- nett income3
Runing ruleset Means Test
- nett income
- nett income2
- nett income3
Runing ruleset Means Test
- nett income
- nett income2
- nett income3
Runing ruleset Means Test
- nett income
- nett income2
- nett income3
Runing ruleset Means Test
- nett income
- nett income2
- nett income3
Runing ruleset Means Test
- nett income
- nett income2
- nett income3
Runing ruleset Means Test
- nett income
- nett income2
- nett income3
Runing ruleset Means Test
- nett income
- nett income2
- nett income3
Runing ruleset Means Test
- nett income
- nett income2
- nett income3
Runing ruleset Means Test
- nett income
- nett income2
- nett income3
Runing ruleset Means Test
- nett income
- nett income2
- nett income3
Runing ruleset Means Test
- nett income
- nett income2
- nett income3
Runing ruleset Means Test
- nett income
- nett income2
- nett income3
Runing ruleset Means Test
- nett income
- nett income2
- nett income3
Runing ruleset Means Test
- nett income
- nett income2
- nett income3
Runing ruleset Means Test
- nett income
- nett income2
- nett income3
Runing ruleset Means Test
- nett income
- nett income2
- nett income3
Runing ruleset Means Test
- nett income
- nett income2
- nett income3
Runing ruleset Means Test
- nett income
- nett income2
- nett income3
Runing ruleset Means Test
- nett income
- nett income2
- nett income3
Runing ruleset Means Test
- nett income
- nett income2
- nett income3
Runing ruleset Means Test
- nett income
- nett income2
- nett income3
Runing ruleset Means Test
- nett income
- nett income2
- nett income3
Runing ruleset Means Test
- nett income
- nett income2
- nett income3
Runing ruleset Means Test
- nett income
- nett income2
- nett income3
Runing ruleset Means Test
- nett income
- nett income2
- nett income3
Runing ruleset Means Test
- nett income
- nett income2
- nett income3
Runing ruleset Means Test
- nett income
- nett income2
- nett income3
Runing ruleset Means Test
- nett income
- nett income2
- nett income3
Runing ruleset Means Test
- nett income
- nett income2
- nett income3
Runing ruleset Means Test
- nett income
- nett income2
- nett income3
Runing ruleset Means Test
- nett income
- nett income2
- nett income3
Runing ruleset Means Test
- nett income
- nett income2
- nett income3
Runing ruleset Means Test
- nett income
- nett income2
- nett income3
Runing ruleset Means Test
- nett income
- nett income2
- nett income3
Runing ruleset Means Test
- nett income
- nett income2
- nett income3
Runing ruleset Means Test
- nett income
- nett income2
- nett income3
Runing ruleset Means Test
- nett income
- nett income2
- nett income3
Runing ruleset Means Test
- nett income
- nett income2
- nett income3
Runing ruleset Means Test
- nett income
- nett income2
- nett income3
Runing ruleset Means Test
- nett income
- nett income2
- nett income3
Runing ruleset Means Test
- nett income
- nett income2
- nett income3
Runing ruleset Means Test
- nett income
- nett income2
- nett income3
Runing ruleset Means Test
- nett income
- nett income2
- nett income3
Runing ruleset Means Test
- nett income
- nett income2
- nett income3
Runing ruleset Means Test
- nett income
- nett income2
- nett income3
Runing ruleset Means Test
- nett income
- nett income2
- nett income3
Runing ruleset Means Test
- nett income
- nett income2
- nett income3
Runing ruleset Means Test
- nett income
- nett income2
- nett income3
Runing ruleset Means Test
- nett income
- nett income2
- nett income3
Runing ruleset Means Test
- nett income
- nett income2
- nett income3
Runing ruleset Means Test
- nett income
- nett income2
- nett income3
Runing ruleset Means Test
- nett income
- nett income2
- nett income3
Runing ruleset Means Test
- nett income
- nett income2
- nett income3
Runing ruleset Means Test
- nett income
- nett income2
- nett income3
Runing ruleset Means Test
- nett income
- nett income2
- nett income3
Runing ruleset Means Test
- nett income
- nett income2
- nett income3
Runing ruleset Means Test
- nett income
- nett income2
- nett income3
Runing ruleset Means Test
- nett income
- nett income2
- nett income3
Runing ruleset Means Test
- nett income
- nett income2
- nett income3
Runing ruleset Means Test
- nett income
- nett income2
- nett income3
Runing ruleset Means Test
- nett income
- nett income2
- nett income3
Runing ruleset Means Test
- nett income
- nett income2
- nett income3
Runing ruleset Means Test
- nett income
- nett income2
- nett income3
Runing ruleset Means Test
- nett income
- nett income2
- nett income3
Runing ruleset Means Test
- nett income
- nett income2
- nett income3
Runing ruleset Means Test
- nett income
- nett income2
- nett income3
Runing ruleset Means Test
- nett income
- nett income2
- nett income3
Runing ruleset Means Test
- nett income
- nett income2
- nett income3
Runing ruleset Means Test
- nett income
- nett income2
- nett income3
Runing ruleset Means Test
- nett income
- nett income2
- nett income3
Runing ruleset Means Test
- nett income
- nett income2
- nett income3
Runing ruleset Means Test
- nett income
- nett income2
- nett income3
Runing ruleset Means Test
- nett income
- nett income2
- nett income3
Runing ruleset Means Test
- nett income
- nett income2
- nett income3
Runing ruleset Means Test
- nett income
- nett income2
- nett income3
Runing ruleset Means Test
- nett income
- nett income2
- nett income3
Runing ruleset Means Test
- nett income
- nett income2
- nett income3
Runing ruleset Means Test
- nett income
- nett income2
- nett income3
Runing ruleset Means Test
- nett income
- nett income2
- nett income3
Runing ruleset Means Test
- nett income
- nett income2
- nett income3
Runing ruleset Means Test
- nett income
- nett income2
- nett income3
Runing ruleset Means Test
- nett income
- nett income2
- nett income3
Runing ruleset Means Test
- nett income
- nett income2
- nett income3
Runing ruleset Means Test
- nett income
- nett income2
- nett income3
Runing ruleset Means Test
- nett income
- nett income2
- nett income3
Runing ruleset Means Test
- nett income
- nett income2
- nett income3
Runing ruleset Means Test
- nett income
- nett income2
- nett income3
Runing ruleset Means Test
- nett income
- nett income2
- nett income3
Runing ruleset Means Test
- nett income
- nett income2
- nett income3
Runing ruleset Means Test
- nett income
- nett income2
- nett income3
Runing ruleset Means Test
- nett income
- nett income2
- nett income3
Runing ruleset Means Test
- nett income
- nett income2
- nett income3
Runing ruleset Means Test
- nett income
- nett income2
- nett income3
Runing ruleset Means Test
- nett income
- nett income2
- nett income3
Runing ruleset Means Test
- nett income
- nett income2
- nett income3
Runing ruleset Means Test
- nett income
- nett income2
- nett income3
Runing ruleset Means Test
- nett income
- nett income2
- nett income3
Runing ruleset Means Test
- nett income
- nett income2
- nett income3
Runing ruleset Means Test
- nett income
- nett income2
- nett income3
Runing ruleset Means Test
- nett income
- nett income2
- nett income3
Runing ruleset Means Test
- nett income
- nett income2
- nett income3
Runing ruleset Means Test
- nett income
- nett income2
- nett income3
Runing ruleset Means Test
- nett income
- nett income2
- nett income3
Runing ruleset Means Test
- nett income
- nett income2
- nett income3
Runing ruleset Means Test
- nett income
- nett income2
- nett income3
Runing ruleset Means Test
- nett income
- nett income2
- nett income3
Runing ruleset Means Test
- nett income
- nett income2
- nett income3
Runing ruleset Means Test
- nett income
- nett income2
- nett income3
Runing ruleset Means Test
- nett income
- nett income2
- nett income3
Runing ruleset Means Test
- nett income
- nett income2
- nett income3
Runing ruleset Means Test
- nett income
- nett income2
- nett income3
Runing ruleset Means Test
- nett income
- nett income2
- nett income3
Runing ruleset Means Test
- nett income
- nett income2
- nett income3
Runing ruleset Means Test
- nett income
- nett income2
- nett income3
Runing ruleset Means Test
- nett income
- nett income2
- nett income3
Runing ruleset Means Test
- nett income
- nett income2
- nett income3
Runing ruleset Means Test
- nett income
- nett income2
- nett income3
Runing ruleset Means Test
- nett income
- nett income2
- nett income3
Runing ruleset Means Test
- nett income
- nett income2
- nett income3
Runing ruleset Means Test
- nett income
- nett income2
- nett income3
Runing ruleset Means Test
- nett income
- nett income2
- nett income3
Runing ruleset Means Test
- nett income
- nett income2
- nett income3
Runing ruleset Means Test
- nett income
- nett income2
- nett income3
Runing ruleset Means Test
- nett income
- nett income2
- nett income3
Runing ruleset Means Test
- nett income
- nett income2
- nett income3
Runing ruleset Means Test
- nett income
- nett income2
- nett income3
Runing ruleset Means Test
- nett income
- nett income2
- nett income3
Runing ruleset Means Test
- nett income
- nett income2
- nett income3
Runing ruleset Means Test
- nett income
- nett income2
- nett income3
Runing ruleset Means Test
- nett income
- nett income2
- nett income3
Runing ruleset Means Test
- nett income
- nett income2
- nett income3
Runing ruleset Means Test
- nett income
- nett income2
- nett income3
Runing ruleset Means Test
- nett income
- nett income2
- nett income3
Runing ruleset Means Test
- nett income
- nett income2
- nett income3
Runing ruleset Means Test
- nett income
- nett income2
- nett income3
Runing ruleset Means Test
- nett income
- nett income2
- nett income3
Runing ruleset Means Test
- nett income
- nett income2
- nett income3
Runing ruleset Means Test
- nett income
- nett income2
- nett income3
Runing ruleset Means Test
- nett income
- nett income2
- nett income3
Runing ruleset Means Test
- nett income
- nett income2
- nett income3
Runing ruleset Means Test
- nett income
- nett income2
- nett income3
Runing ruleset Means Test
- nett income
- nett income2
- nett income3
Runing ruleset Means Test
- nett income
- nett income2
- nett income3
Runing ruleset Means Test
- nett income
- nett income2
- nett income3
Runing ruleset Means Test
- nett income
- nett income2
- nett income3
Runing ruleset Means Test
- nett income
- nett income2
- nett income3
Runing ruleset Means Test
- nett income
- nett income2
- nett income3
Runing ruleset Means Test
- nett income
- nett income2
- nett income3
Runing ruleset Means Test
- nett income
- nett income2
- nett income3
Runing ruleset Means Test
- nett income
- nett income2
- nett income3
Runing ruleset Means Test
- nett income
- nett income2
- nett income3
Runing ruleset Means Test
- nett income
- nett income2
- nett income3
Runing ruleset Means Test
- nett income
- nett income2
- nett income3
Runing ruleset Means Test
- nett income
- nett income2
- nett income3
Runing ruleset Means Test
- nett income
- nett income2
- nett income3
Runing ruleset Means Test
- nett income
- nett income2
- nett income3
Runing ruleset Means Test
- nett income
- nett income2
- nett income3
Runing ruleset Means Test
- nett income
- nett income2
- nett income3
Runing ruleset Means Test
- nett income
- nett income2
- nett income3
Runing ruleset Means Test
- nett income
- nett income2
- nett income3
Runing ruleset Means Test
- nett income
- nett income2
- nett income3
Runing ruleset Means Test
- nett income
- nett income2
- nett income3
Runing ruleset Means Test
- nett income
- nett income2
- nett income3
Runing ruleset Means Test
- nett income
- nett income2
- nett income3
Runing ruleset Means Test
- nett income
- nett income2
- nett income3
Runing ruleset Means Test
- nett income
- nett income2
- nett income3
Runing ruleset Means Test
- nett income
- nett income2
- nett income3
Runing ruleset Means Test
- nett income
- nett income2
- nett income3
Runing ruleset Means Test
- nett income
- nett income2
- nett income3
Runing ruleset Means Test
- nett income
- nett income2
- nett income3
Runing ruleset Means Test
- nett income
- nett income2
- nett income3
Runing ruleset Means Test
- nett income
- nett income2
- nett income3
Runing ruleset Means Test
- nett income
- nett income2
- nett income3
Runing ruleset Means Test
- nett income
- nett income2
- nett income3
Runing ruleset Means Test
- nett income
- nett income2
- nett income3
Runing ruleset Means Test
- nett income
- nett income2
- nett income3
Runing ruleset Means Test
- nett income
- nett income2
- nett income3
Runing ruleset Means Test
- nett income
- nett income2
- nett income3
Runing ruleset Means Test
- nett income
- nett income2
- nett income3
Runing ruleset Means Test
- nett income
- nett income2
- nett income3
Runing ruleset Means Test
- nett income
- nett income2
- nett income3
Runing ruleset Means Test
- nett income
- nett income2
- nett income3
Runing ruleset Means Test
- nett income
- nett income2
- nett income3
Runing ruleset Means Test
- nett income
- nett income2
- nett income3
Runing ruleset Means Test
- nett income
- nett income2
- nett income3
Runing ruleset Means Test
- nett income
- nett income2
- nett income3
Runing ruleset Means Test
- nett income
- nett income2
- nett income3
Runing ruleset Means Test
- nett income
- nett income2
- nett income3
Runing ruleset Means Test
- nett income
- nett income2
- nett income3
Runing ruleset Means Test
- nett income
- nett income2
- nett income3
Runing ruleset Means Test
- nett income
- nett income2
- nett income3
Runing ruleset Means Test
- nett income
- nett income2
- nett income3
Runing ruleset Means Test
- nett income
- nett income2
- nett income3
Runing ruleset Means Test
- nett income
- nett income2
- nett income3
Runing ruleset Means Test
- nett income
- nett income2
- nett income3
Runing ruleset Means Test
- nett income
- nett income2
- nett income3
Runing ruleset Means Test
- nett income
- nett income2
- nett income3
Runing ruleset Means Test
- nett income
- nett income2
- nett income3
Runing ruleset Means Test
- nett income
- nett income2
- nett income3
Runing ruleset Means Test
- nett income
- nett income2
- nett income3
Runing ruleset Means Test
- nett income
- nett income2
- nett income3
Runing ruleset Means Test
- nett income
- nett income2
- nett income3
Runing ruleset Means Test
- nett income
- nett income2
- nett income3
Runing ruleset Means Test
- nett income
- nett income2
- nett income3
Runing ruleset Means Test
- nett income
- nett income2
- nett income3
Runing ruleset Means Test
- nett income
- nett income2
- nett income3
Runing ruleset Means Test
- nett income
- nett income2
- nett income3
Runing ruleset Means Test
- nett income
- nett income2
- nett income3
Runing ruleset Means Test
- nett income
- nett income2
- nett income3
Runing ruleset Means Test
- nett income
- nett income2
- nett income3
Runing ruleset Means Test
- nett income
- nett income2
- nett income3
Runing ruleset Means Test
- nett income
- nett income2
- nett income3
Runing ruleset Means Test
- nett income
- nett income2
- nett income3
Runing ruleset Means Test
- nett income
- nett income2
- nett income3
Runing ruleset Means Test
- nett income
- nett income2
- nett income3
Runing ruleset Means Test
- nett income
- nett income2
- nett income3
Runing ruleset Means Test
- nett income
- nett income2
- nett income3
Runing ruleset Means Test
- nett income
- nett income2
- nett income3
Runing ruleset Means Test
- nett income
- nett income2
- nett income3
Runing ruleset Means Test
- nett income
- nett income2
- nett income3
Runing ruleset Means Test
- nett income
- nett income2
- nett income3
Runing ruleset Means Test
- nett income
- nett income2
- nett income3
Runing ruleset Means Test
- nett income
- nett income2
- nett income3
Runing ruleset Means Test
- nett income
- nett income2
- nett income3
Runing ruleset Means Test
- nett income
- nett income2
- nett income3
Runing ruleset Means Test
- nett income
- nett income2
- nett income3
Runing ruleset Means Test
- nett income
- nett income2
- nett income3
Runing ruleset Means Test
- nett income
- nett income2
- nett income3
Runing ruleset Means Test
- nett income
- nett income2
- nett income3
Runing ruleset Means Test
- nett income
- nett income2
- nett income3
Runing ruleset Means Test
- nett income
- nett income2
- nett income3
Runing ruleset Means Test
- nett income
- nett income2
- nett income3
Runing ruleset Means Test
- nett income
- nett income2
- nett income3
Runing ruleset Means Test
- nett income
- nett income2
- nett income3
Runing ruleset Means Test
- nett income
- nett income2
- nett income3
Runing ruleset Means Test
- nett income
- nett income2
- nett income3
Runing ruleset Means Test
- nett income
- nett income2
- nett income3
Runing ruleset Means Test
- nett income
- nett income2
- nett income3
Runing ruleset Means Test
- nett income
- nett income2
- nett income3
Runing ruleset Means Test
- nett income
- nett income2
- nett income3
Runing ruleset Means Test
- nett income
- nett income2
- nett income3
Runing ruleset Means Test
- nett income
- nett income2
- nett income3
Runing ruleset Means Test
- nett income
- nett income2
- nett income3
Runing ruleset Means Test
- nett income
- nett income2
- nett income3
Runing ruleset Means Test
- nett income
- nett income2
- nett income3
Runing ruleset Means Test
- nett income
- nett income2
- nett income3
Runing ruleset Means Test
- nett income
- nett income2
- nett income3
Runing ruleset Means Test
- nett income
- nett income2
- nett income3
Runing ruleset Means Test
- nett income
- nett income2
- nett income3
Runing ruleset Means Test
- nett income
- nett income2
- nett income3
Runing ruleset Means Test
- nett income
- nett income2
- nett income3
Runing ruleset Means Test
- nett income
- nett income2
- nett income3
Runing ruleset Means Test
- nett income
- nett income2
- nett income3
Runing ruleset Means Test
- nett income
- nett income2
- nett income3
Runing ruleset Means Test
- nett income
- nett income2
- nett income3
Runing ruleset Means Test
- nett income
- nett income2
- nett income3
Runing ruleset Means Test
- nett income
- nett income2
- nett income3
Runing ruleset Means Test
- nett income
- nett income2
- nett income3
Runing ruleset Means Test
- nett income
- nett income2
- nett income3
Runing ruleset Means Test
- nett income
- nett income2
- nett income3
Runing ruleset Means Test
- nett income
- nett income2
- nett income3
Runing ruleset Means Test
- nett income
- nett income2
- nett income3
Runing ruleset Means Test
- nett income
- nett income2
- nett income3
Runing ruleset Means Test
- nett income
- nett income2
- nett income3
Runing ruleset Means Test
- nett income
- nett income2
- nett income3
Runing ruleset Means Test
- nett income
- nett income2
- nett income3
Runing ruleset Means Test
- nett income
- nett income2
- nett income3
Runing ruleset Means Test
- nett income
- nett income2
- nett income3
Runing ruleset Means Test
- nett income
- nett income2
- nett income3
Runing ruleset Means Test
- nett income
- nett income2
- nett income3
Runing ruleset Means Test
- nett income
- nett income2
- nett income3
Runing ruleset Means Test
- nett income
- nett income2
- nett income3
Runing ruleset Means Test
- nett income
- nett income2
- nett income3
Runing ruleset Means Test
- nett income
- nett income2
- nett income3
Runing ruleset Means Test
- nett income
- nett income2
- nett income3
Runing ruleset Means Test
- nett income
- nett income2
- nett income3
Runing ruleset Means Test
- nett income
- nett income2
- nett income3
Runing ruleset Means Test
- nett income
- nett income2
- nett income3
Runing ruleset Means Test
- nett income
- nett income2
- nett income3
Runing ruleset Means Test
- nett income
- nett income2
- nett income3
Runing ruleset Means Test
- nett income
- nett income2
- nett income3
Runing ruleset Means Test
- nett income
- nett income2
- nett income3
Runing ruleset Means Test
- nett income
- nett income2
- nett income3
Runing ruleset Means Test
- nett income
- nett income2
- nett income3
Runing ruleset Means Test
- nett income
- nett income2
- nett income3
Runing ruleset Means Test
- nett income
- nett income2
- nett income3
Runing ruleset Means Test
- nett income
- nett income2
- nett income3
Runing ruleset Means Test
- nett income
- nett income2
- nett income3
Runing ruleset Means Test
- nett income
- nett income2
- nett income3
Runing ruleset Means Test
- nett income
- nett income2
- nett income3
Runing ruleset Means Test
- nett income
- nett income2
- nett income3
Runing ruleset Means Test
- nett income
- nett income2
- nett income3
Runing ruleset Means Test
- nett income
- nett income2
- nett income3
Runing ruleset Means Test
- nett income
- nett income2
- nett income3
Runing ruleset Means Test
- nett income
- nett income2
- nett income3
Runing ruleset Means Test
- nett income
- nett income2
- nett income3
Runing ruleset Means Test
- nett income
- nett income2
- nett income3
Runing ruleset Means Test
- nett income
- nett income2
- nett income3
Runing ruleset Means Test
- nett income
- nett income2
- nett income3
Runing ruleset Means Test
- nett income
- nett income2
- nett income3
Runing ruleset Means Test
- nett income
- nett income2
- nett income3
Runing ruleset Means Test
- nett income
- nett income2
- nett income3
Runing ruleset Means Test
- nett income
- nett income2
- nett income3
Runing ruleset Means Test
- nett income
- nett income2
- nett income3
Runing ruleset Means Test
- nett income
- nett income2
- nett income3
Runing ruleset Means Test
- nett income
- nett income2
- nett income3
Runing ruleset Means Test
- nett income
- nett income2
- nett income3
Runing ruleset Means Test
- nett income
- nett income2
- nett income3
Runing ruleset Means Test
- nett income
- nett income2
- nett income3
Runing ruleset Means Test
- nett income
- nett income2
- nett income3
Runing ruleset Means Test
- nett income
- nett income2
- nett income3
Runing ruleset Means Test
- nett income
- nett income2
- nett income3
Runing ruleset Means Test
- nett income
- nett income2
- nett income3
Runing ruleset Means Test
- nett income
- nett income2
- nett income3
Runing ruleset Means Test
- nett income
- nett income2
- nett income3
Runing ruleset Means Test
- nett income
- nett income2
- nett income3
Runing ruleset Means Test
- nett income
- nett income2
- nett income3
Runing ruleset Means Test
- nett income
- nett income2
- nett income3
Runing ruleset Means Test
- nett income
- nett income2
- nett income3
Rules run 1000 times in avg 0.643ms each
]]></system-out>
  <system-err><![CDATA[]]></system-err>
</testsuite>
